[    3772ms] [INFO] %cDownload the React DevTools for a better development experience: https://reactjs.org/link/react-devtools font-weight:bold @ webpack-internal:///(app-pages-browser)/./node_modules/next/dist/compiled/react-dom/cjs/react-dom.development.js:38559
[    4264ms] TypeError: Cannot read properties of undefined (reading 'S')
    at Tt.exports (webpack-internal:///(app-pages-browser)/./node_modules/@react-three/fiber/dist/events-760a1017.esm.js:12969:512)
    at createReconciler (webpack-internal:///(app-pages-browser)/./node_modules/@react-three/fiber/dist/events-760a1017.esm.js:14099:24)
    at eval (webpack-internal:///(app-pages-browser)/./node_modules/@react-three/fiber/dist/events-760a1017.esm.js:14367:36)
    at (app-pages-browser)/./node_modules/@react-three/fiber/dist/events-760a1017.esm.js (http://localhost:3000/_next/static/chunks/_app-pages-browser_src_components_hero_HeroScene_tsx.js:38:1)
    at options.factory (http://localhost:3000/_next/static/chunks/webpack.js?v=1777158672313:715:31)
    at __webpack_require__ (http://localhost:3000/_next/static/chunks/webpack.js?v=1777158672313:37:33)
    at fn (http://localhost:3000/_next/static/chunks/webpack.js?v=1777158672313:371:21)
    at eval (webpack-internal:///(app-pages-browser)/./node_modules/@react-three/fiber/dist/react-three-fiber.esm.js:33:81)
    at (app-pages-browser)/./node_modules/@react-three/fiber/dist/react-three-fiber.esm.js (http://localhost:3000/_next/static/chunks/_app-pages-browser_src_components_hero_HeroScene_tsx.js:48:1)
    at options.factory (http://localhost:3000/_next/static/chunks/webpack.js?v=1777158672313:715:31)
    at __webpack_require__ (http://localhost:3000/_next/static/chunks/webpack.js?v=1777158672313:37:33)
    at fn (http://localhost:3000/_next/static/chunks/webpack.js?v=1777158672313:371:21)
    at eval (webpack-internal:///(app-pages-browser)/./src/components/hero/HeroScene.tsx:6:76)
    at (app-pages-browser)/./src/components/hero/HeroScene.tsx (http://localhost:3000/_next/static/chunks/_app-pages-browser_src_components_hero_HeroScene_tsx.js:148:1)
    at options.factory (http://localhost:3000/_next/static/chunks/webpack.js?v=1777158672313:715:31)
    at __webpack_require__ (http://localhost:3000/_next/static/chunks/webpack.js?v=1777158672313:37:33)
    at fn (http://localhost:3000/_next/static/chunks/webpack.js?v=1777158672313:371:21)
[    4266ms] TypeError: Cannot read properties of undefined (reading 'S')
    at Tt.exports (webpack-internal:///(app-pages-browser)/./node_modules/@react-three/fiber/dist/events-760a1017.esm.js:12969:512)
    at createReconciler (webpack-internal:///(app-pages-browser)/./node_modules/@react-three/fiber/dist/events-760a1017.esm.js:14099:24)
    at eval (webpack-internal:///(app-pages-browser)/./node_modules/@react-three/fiber/dist/events-760a1017.esm.js:14367:36)
    at (app-pages-browser)/./node_modules/@react-three/fiber/dist/events-760a1017.esm.js (http://localhost:3000/_next/static/chunks/_app-pages-browser_src_components_hero_HeroScene_tsx.js:38:1)
    at options.factory (http://localhost:3000/_next/static/chunks/webpack.js?v=1777158672313:715:31)
    at __webpack_require__ (http://localhost:3000/_next/static/chunks/webpack.js?v=1777158672313:37:33)
    at fn (http://localhost:3000/_next/static/chunks/webpack.js?v=1777158672313:371:21)
    at eval (webpack-internal:///(app-pages-browser)/./node_modules/@react-three/fiber/dist/react-three-fiber.esm.js:33:81)
    at (app-pages-browser)/./node_modules/@react-three/fiber/dist/react-three-fiber.esm.js (http://localhost:3000/_next/static/chunks/_app-pages-browser_src_components_hero_HeroScene_tsx.js:48:1)
    at options.factory (http://localhost:3000/_next/static/chunks/webpack.js?v=1777158672313:715:31)
    at __webpack_require__ (http://localhost:3000/_next/static/chunks/webpack.js?v=1777158672313:37:33)
    at fn (http://localhost:3000/_next/static/chunks/webpack.js?v=1777158672313:371:21)
    at eval (webpack-internal:///(app-pages-browser)/./src/components/hero/HeroScene.tsx:6:76)
    at (app-pages-browser)/./src/components/hero/HeroScene.tsx (http://localhost:3000/_next/static/chunks/_app-pages-browser_src_components_hero_HeroScene_tsx.js:148:1)
    at options.factory (http://localhost:3000/_next/static/chunks/webpack.js?v=1777158672313:715:31)
    at __webpack_require__ (http://localhost:3000/_next/static/chunks/webpack.js?v=1777158672313:37:33)
    at fn (http://localhost:3000/_next/static/chunks/webpack.js?v=1777158672313:371:21)
[    4266ms] TypeError: Cannot read properties of undefined (reading 'S')
    at Tt.exports (webpack-internal:///(app-pages-browser)/./node_modules/@react-three/fiber/dist/events-760a1017.esm.js:12969:512)
    at createReconciler (webpack-internal:///(app-pages-browser)/./node_modules/@react-three/fiber/dist/events-760a1017.esm.js:14099:24)
    at eval (webpack-internal:///(app-pages-browser)/./node_modules/@react-three/fiber/dist/events-760a1017.esm.js:14367:36)
    at (app-pages-browser)/./node_modules/@react-three/fiber/dist/events-760a1017.esm.js (http://localhost:3000/_next/static/chunks/_app-pages-browser_src_components_hero_HeroScene_tsx.js:38:1)
    at options.factory (http://localhost:3000/_next/static/chunks/webpack.js?v=1777158672313:715:31)
    at __webpack_require__ (http://localhost:3000/_next/static/chunks/webpack.js?v=1777158672313:37:33)
    at fn (http://localhost:3000/_next/static/chunks/webpack.js?v=1777158672313:371:21)
    at eval (webpack-internal:///(app-pages-browser)/./node_modules/@react-three/fiber/dist/react-three-fiber.esm.js:33:81)
    at (app-pages-browser)/./node_modules/@react-three/fiber/dist/react-three-fiber.esm.js (http://localhost:3000/_next/static/chunks/_app-pages-browser_src_components_hero_HeroScene_tsx.js:48:1)
    at options.factory (http://localhost:3000/_next/static/chunks/webpack.js?v=1777158672313:715:31)
    at __webpack_require__ (http://localhost:3000/_next/static/chunks/webpack.js?v=1777158672313:37:33)
    at fn (http://localhost:3000/_next/static/chunks/webpack.js?v=1777158672313:371:21)
    at eval (webpack-internal:///(app-pages-browser)/./src/components/hero/HeroScene.tsx:6:76)
    at (app-pages-browser)/./src/components/hero/HeroScene.tsx (http://localhost:3000/_next/static/chunks/_app-pages-browser_src_components_hero_HeroScene_tsx.js:148:1)
    at options.factory (http://localhost:3000/_next/static/chunks/webpack.js?v=1777158672313:715:31)
    at __webpack_require__ (http://localhost:3000/_next/static/chunks/webpack.js?v=1777158672313:37:33)
    at fn (http://localhost:3000/_next/static/chunks/webpack.js?v=1777158672313:371:21)
[    4266ms] TypeError: Cannot read properties of undefined (reading 'S')
    at Tt.exports (webpack-internal:///(app-pages-browser)/./node_modules/@react-three/fiber/dist/events-760a1017.esm.js:12969:512)
    at createReconciler (webpack-internal:///(app-pages-browser)/./node_modules/@react-three/fiber/dist/events-760a1017.esm.js:14099:24)
    at eval (webpack-internal:///(app-pages-browser)/./node_modules/@react-three/fiber/dist/events-760a1017.esm.js:14367:36)
    at (app-pages-browser)/./node_modules/@react-three/fiber/dist/events-760a1017.esm.js (http://localhost:3000/_next/static/chunks/_app-pages-browser_src_components_hero_HeroScene_tsx.js:38:1)
    at options.factory (http://localhost:3000/_next/static/chunks/webpack.js?v=1777158672313:715:31)
    at __webpack_require__ (http://localhost:3000/_next/static/chunks/webpack.js?v=1777158672313:37:33)
    at fn (http://localhost:3000/_next/static/chunks/webpack.js?v=1777158672313:371:21)
    at eval (webpack-internal:///(app-pages-browser)/./node_modules/@react-three/fiber/dist/react-three-fiber.esm.js:33:81)
    at (app-pages-browser)/./node_modules/@react-three/fiber/dist/react-three-fiber.esm.js (http://localhost:3000/_next/static/chunks/_app-pages-browser_src_components_hero_HeroScene_tsx.js:48:1)
    at options.factory (http://localhost:3000/_next/static/chunks/webpack.js?v=1777158672313:715:31)
    at __webpack_require__ (http://localhost:3000/_next/static/chunks/webpack.js?v=1777158672313:37:33)
    at fn (http://localhost:3000/_next/static/chunks/webpack.js?v=1777158672313:371:21)
    at eval (webpack-internal:///(app-pages-browser)/./src/components/hero/HeroScene.tsx:6:76)
    at (app-pages-browser)/./src/components/hero/HeroScene.tsx (http://localhost:3000/_next/static/chunks/_app-pages-browser_src_components_hero_HeroScene_tsx.js:148:1)
    at options.factory (http://localhost:3000/_next/static/chunks/webpack.js?v=1777158672313:715:31)
    at __webpack_require__ (http://localhost:3000/_next/static/chunks/webpack.js?v=1777158672313:37:33)
    at fn (http://localhost:3000/_next/static/chunks/webpack.js?v=1777158672313:371:21)
[    4266ms] TypeError: Cannot read properties of undefined (reading 'S')
    at Tt.exports (webpack-internal:///(app-pages-browser)/./node_modules/@react-three/fiber/dist/events-760a1017.esm.js:12969:512)
    at createReconciler (webpack-internal:///(app-pages-browser)/./node_modules/@react-three/fiber/dist/events-760a1017.esm.js:14099:24)
    at eval (webpack-internal:///(app-pages-browser)/./node_modules/@react-three/fiber/dist/events-760a1017.esm.js:14367:36)
    at (app-pages-browser)/./node_modules/@react-three/fiber/dist/events-760a1017.esm.js (http://localhost:3000/_next/static/chunks/_app-pages-browser_src_components_hero_HeroScene_tsx.js:38:1)
    at options.factory (http://localhost:3000/_next/static/chunks/webpack.js?v=1777158672313:715:31)
    at __webpack_require__ (http://localhost:3000/_next/static/chunks/webpack.js?v=1777158672313:37:33)
    at fn (http://localhost:3000/_next/static/chunks/webpack.js?v=1777158672313:371:21)
    at eval (webpack-internal:///(app-pages-browser)/./node_modules/@react-three/fiber/dist/react-three-fiber.esm.js:33:81)
    at (app-pages-browser)/./node_modules/@react-three/fiber/dist/react-three-fiber.esm.js (http://localhost:3000/_next/static/chunks/_app-pages-browser_src_components_hero_HeroScene_tsx.js:48:1)
    at options.factory (http://localhost:3000/_next/static/chunks/webpack.js?v=1777158672313:715:31)
    at __webpack_require__ (http://localhost:3000/_next/static/chunks/webpack.js?v=1777158672313:37:33)
    at fn (http://localhost:3000/_next/static/chunks/webpack.js?v=1777158672313:371:21)
    at eval (webpack-internal:///(app-pages-browser)/./src/components/hero/HeroScene.tsx:6:76)
    at (app-pages-browser)/./src/components/hero/HeroScene.tsx (http://localhost:3000/_next/static/chunks/_app-pages-browser_src_components_hero_HeroScene_tsx.js:148:1)
    at options.factory (http://localhost:3000/_next/static/chunks/webpack.js?v=1777158672313:715:31)
    at __webpack_require__ (http://localhost:3000/_next/static/chunks/webpack.js?v=1777158672313:37:33)
    at fn (http://localhost:3000/_next/static/chunks/webpack.js?v=1777158672313:371:21)
[    4266ms] TypeError: Cannot read properties of undefined (reading 'S')
    at Tt.exports (webpack-internal:///(app-pages-browser)/./node_modules/@react-three/fiber/dist/events-760a1017.esm.js:12969:512)
    at createReconciler (webpack-internal:///(app-pages-browser)/./node_modules/@react-three/fiber/dist/events-760a1017.esm.js:14099:24)
    at eval (webpack-internal:///(app-pages-browser)/./node_modules/@react-three/fiber/dist/events-760a1017.esm.js:14367:36)
    at (app-pages-browser)/./node_modules/@react-three/fiber/dist/events-760a1017.esm.js (http://localhost:3000/_next/static/chunks/_app-pages-browser_src_components_hero_HeroScene_tsx.js:38:1)
    at options.factory (http://localhost:3000/_next/static/chunks/webpack.js?v=1777158672313:715:31)
    at __webpack_require__ (http://localhost:3000/_next/static/chunks/webpack.js?v=1777158672313:37:33)
    at fn (http://localhost:3000/_next/static/chunks/webpack.js?v=1777158672313:371:21)
    at eval (webpack-internal:///(app-pages-browser)/./node_modules/@react-three/fiber/dist/react-three-fiber.esm.js:33:81)
    at (app-pages-browser)/./node_modules/@react-three/fiber/dist/react-three-fiber.esm.js (http://localhost:3000/_next/static/chunks/_app-pages-browser_src_components_hero_HeroScene_tsx.js:48:1)
    at options.factory (http://localhost:3000/_next/static/chunks/webpack.js?v=1777158672313:715:31)
    at __webpack_require__ (http://localhost:3000/_next/static/chunks/webpack.js?v=1777158672313:37:33)
    at fn (http://localhost:3000/_next/static/chunks/webpack.js?v=1777158672313:371:21)
    at eval (webpack-internal:///(app-pages-browser)/./src/components/hero/HeroScene.tsx:6:76)
    at (app-pages-browser)/./src/components/hero/HeroScene.tsx (http://localhost:3000/_next/static/chunks/_app-pages-browser_src_components_hero_HeroScene_tsx.js:148:1)
    at options.factory (http://localhost:3000/_next/static/chunks/webpack.js?v=1777158672313:715:31)
    at __webpack_require__ (http://localhost:3000/_next/static/chunks/webpack.js?v=1777158672313:37:33)
    at fn (http://localhost:3000/_next/static/chunks/webpack.js?v=1777158672313:371:21)
[    4266ms] TypeError: Cannot read properties of undefined (reading 'S')
    at Tt.exports (webpack-internal:///(app-pages-browser)/./node_modules/@react-three/fiber/dist/events-760a1017.esm.js:12969:512)
    at createReconciler (webpack-internal:///(app-pages-browser)/./node_modules/@react-three/fiber/dist/events-760a1017.esm.js:14099:24)
    at eval (webpack-internal:///(app-pages-browser)/./node_modules/@react-three/fiber/dist/events-760a1017.esm.js:14367:36)
    at (app-pages-browser)/./node_modules/@react-three/fiber/dist/events-760a1017.esm.js (http://localhost:3000/_next/static/chunks/_app-pages-browser_src_components_hero_HeroScene_tsx.js:38:1)
    at options.factory (http://localhost:3000/_next/static/chunks/webpack.js?v=1777158672313:715:31)
    at __webpack_require__ (http://localhost:3000/_next/static/chunks/webpack.js?v=1777158672313:37:33)
    at fn (http://localhost:3000/_next/static/chunks/webpack.js?v=1777158672313:371:21)
    at eval (webpack-internal:///(app-pages-browser)/./node_modules/@react-three/fiber/dist/react-three-fiber.esm.js:33:81)
    at (app-pages-browser)/./node_modules/@react-three/fiber/dist/react-three-fiber.esm.js (http://localhost:3000/_next/static/chunks/_app-pages-browser_src_components_hero_HeroScene_tsx.js:48:1)
    at options.factory (http://localhost:3000/_next/static/chunks/webpack.js?v=1777158672313:715:31)
    at __webpack_require__ (http://localhost:3000/_next/static/chunks/webpack.js?v=1777158672313:37:33)
    at fn (http://localhost:3000/_next/static/chunks/webpack.js?v=1777158672313:371:21)
    at eval (webpack-internal:///(app-pages-browser)/./src/components/hero/HeroScene.tsx:6:76)
    at (app-pages-browser)/./src/components/hero/HeroScene.tsx (http://localhost:3000/_next/static/chunks/_app-pages-browser_src_components_hero_HeroScene_tsx.js:148:1)
    at options.factory (http://localhost:3000/_next/static/chunks/webpack.js?v=1777158672313:715:31)
    at __webpack_require__ (http://localhost:3000/_next/static/chunks/webpack.js?v=1777158672313:37:33)
    at fn (http://localhost:3000/_next/static/chunks/webpack.js?v=1777158672313:371:21)
[    4267ms] TypeError: Cannot read properties of undefined (reading 'S')
    at Tt.exports (webpack-internal:///(app-pages-browser)/./node_modules/@react-three/fiber/dist/events-760a1017.esm.js:12969:512)
    at createReconciler (webpack-internal:///(app-pages-browser)/./node_modules/@react-three/fiber/dist/events-760a1017.esm.js:14099:24)
    at eval (webpack-internal:///(app-pages-browser)/./node_modules/@react-three/fiber/dist/events-760a1017.esm.js:14367:36)
    at (app-pages-browser)/./node_modules/@react-three/fiber/dist/events-760a1017.esm.js (http://localhost:3000/_next/static/chunks/_app-pages-browser_src_components_hero_HeroScene_tsx.js:38:1)
    at options.factory (http://localhost:3000/_next/static/chunks/webpack.js?v=1777158672313:715:31)
    at __webpack_require__ (http://localhost:3000/_next/static/chunks/webpack.js?v=1777158672313:37:33)
    at fn (http://localhost:3000/_next/static/chunks/webpack.js?v=1777158672313:371:21)
    at eval (webpack-internal:///(app-pages-browser)/./node_modules/@react-three/fiber/dist/react-three-fiber.esm.js:33:81)
    at (app-pages-browser)/./node_modules/@react-three/fiber/dist/react-three-fiber.esm.js (http://localhost:3000/_next/static/chunks/_app-pages-browser_src_components_hero_HeroScene_tsx.js:48:1)
    at options.factory (http://localhost:3000/_next/static/chunks/webpack.js?v=1777158672313:715:31)
    at __webpack_require__ (http://localhost:3000/_next/static/chunks/webpack.js?v=1777158672313:37:33)
    at fn (http://localhost:3000/_next/static/chunks/webpack.js?v=1777158672313:371:21)
    at eval (webpack-internal:///(app-pages-browser)/./src/components/hero/HeroScene.tsx:6:76)
    at (app-pages-browser)/./src/components/hero/HeroScene.tsx (http://localhost:3000/_next/static/chunks/_app-pages-browser_src_components_hero_HeroScene_tsx.js:148:1)
    at options.factory (http://localhost:3000/_next/static/chunks/webpack.js?v=1777158672313:715:31)
    at __webpack_require__ (http://localhost:3000/_next/static/chunks/webpack.js?v=1777158672313:37:33)
    at fn (http://localhost:3000/_next/static/chunks/webpack.js?v=1777158672313:371:21)
[    4267ms] TypeError: Cannot read properties of undefined (reading 'S')
    at Tt.exports (webpack-internal:///(app-pages-browser)/./node_modules/@react-three/fiber/dist/events-760a1017.esm.js:12969:512)
    at createReconciler (webpack-internal:///(app-pages-browser)/./node_modules/@react-three/fiber/dist/events-760a1017.esm.js:14099:24)
    at eval (webpack-internal:///(app-pages-browser)/./node_modules/@react-three/fiber/dist/events-760a1017.esm.js:14367:36)
    at (app-pages-browser)/./node_modules/@react-three/fiber/dist/events-760a1017.esm.js (http://localhost:3000/_next/static/chunks/_app-pages-browser_src_components_hero_HeroScene_tsx.js:38:1)
    at options.factory (http://localhost:3000/_next/static/chunks/webpack.js?v=1777158672313:715:31)
    at __webpack_require__ (http://localhost:3000/_next/static/chunks/webpack.js?v=1777158672313:37:33)
    at fn (http://localhost:3000/_next/static/chunks/webpack.js?v=1777158672313:371:21)
    at eval (webpack-internal:///(app-pages-browser)/./node_modules/@react-three/fiber/dist/react-three-fiber.esm.js:33:81)
    at (app-pages-browser)/./node_modules/@react-three/fiber/dist/react-three-fiber.esm.js (http://localhost:3000/_next/static/chunks/_app-pages-browser_src_components_hero_HeroScene_tsx.js:48:1)
    at options.factory (http://localhost:3000/_next/static/chunks/webpack.js?v=1777158672313:715:31)
    at __webpack_require__ (http://localhost:3000/_next/static/chunks/webpack.js?v=1777158672313:37:33)
    at fn (http://localhost:3000/_next/static/chunks/webpack.js?v=1777158672313:371:21)
    at eval (webpack-internal:///(app-pages-browser)/./src/components/hero/HeroScene.tsx:6:76)
    at (app-pages-browser)/./src/components/hero/HeroScene.tsx (http://localhost:3000/_next/static/chunks/_app-pages-browser_src_components_hero_HeroScene_tsx.js:148:1)
    at options.factory (http://localhost:3000/_next/static/chunks/webpack.js?v=1777158672313:715:31)
    at __webpack_require__ (http://localhost:3000/_next/static/chunks/webpack.js?v=1777158672313:37:33)
    at fn (http://localhost:3000/_next/static/chunks/webpack.js?v=1777158672313:371:21)
[    4267ms] TypeError: Cannot read properties of undefined (reading 'S')
    at Tt.exports (webpack-internal:///(app-pages-browser)/./node_modules/@react-three/fiber/dist/events-760a1017.esm.js:12969:512)
    at createReconciler (webpack-internal:///(app-pages-browser)/./node_modules/@react-three/fiber/dist/events-760a1017.esm.js:14099:24)
    at eval (webpack-internal:///(app-pages-browser)/./node_modules/@react-three/fiber/dist/events-760a1017.esm.js:14367:36)
    at (app-pages-browser)/./node_modules/@react-three/fiber/dist/events-760a1017.esm.js (http://localhost:3000/_next/static/chunks/_app-pages-browser_src_components_hero_HeroScene_tsx.js:38:1)
    at options.factory (http://localhost:3000/_next/static/chunks/webpack.js?v=1777158672313:715:31)
    at __webpack_require__ (http://localhost:3000/_next/static/chunks/webpack.js?v=1777158672313:37:33)
    at fn (http://localhost:3000/_next/static/chunks/webpack.js?v=1777158672313:371:21)
    at eval (webpack-internal:///(app-pages-browser)/./node_modules/@react-three/fiber/dist/react-three-fiber.esm.js:33:81)
    at (app-pages-browser)/./node_modules/@react-three/fiber/dist/react-three-fiber.esm.js (http://localhost:3000/_next/static/chunks/_app-pages-browser_src_components_hero_HeroScene_tsx.js:48:1)
    at options.factory (http://localhost:3000/_next/static/chunks/webpack.js?v=1777158672313:715:31)
    at __webpack_require__ (http://localhost:3000/_next/static/chunks/webpack.js?v=1777158672313:37:33)
    at fn (http://localhost:3000/_next/static/chunks/webpack.js?v=1777158672313:371:21)
    at eval (webpack-internal:///(app-pages-browser)/./src/components/hero/HeroScene.tsx:6:76)
    at (app-pages-browser)/./src/components/hero/HeroScene.tsx (http://localhost:3000/_next/static/chunks/_app-pages-browser_src_components_hero_HeroScene_tsx.js:148:1)
    at options.factory (http://localhost:3000/_next/static/chunks/webpack.js?v=1777158672313:715:31)
    at __webpack_require__ (http://localhost:3000/_next/static/chunks/webpack.js?v=1777158672313:37:33)
    at fn (http://localhost:3000/_next/static/chunks/webpack.js?v=1777158672313:371:21)
[    4268ms] [ERROR] The above error occurred in the <NotFoundErrorBoundary> component:

    at Lazy
    at BailoutToCSR (webpack-internal:///(app-pages-browser)/./node_modules/next/dist/shared/lib/lazy-dynamic/dynamic-bailout-to-csr.js:13:11)
    at Suspense
    at LoadableComponent
    at div
    at div
    at HeroPage (webpack-internal:///(app-pages-browser)/./src/app/page.tsx:48:78)
    at ClientPageRoot (webpack-internal:///(app-pages-browser)/./node_modules/next/dist/client/components/client-page.js:14:11)
    at InnerLayoutRouter (webpack-internal:///(app-pages-browser)/./node_modules/next/dist/client/components/layout-router.js:243:11)
    at RedirectErrorBoundary (webpack-internal:///(app-pages-browser)/./node_modules/next/dist/client/components/redirect-boundary.js:74:9)
    at RedirectBoundary (webpack-internal:///(app-pages-browser)/./node_modules/next/dist/client/components/redirect-boundary.js:82:11)
    at NotFoundErrorBoundary (webpack-internal:///(app-pages-browser)/./node_modules/next/dist/client/components/not-found-boundary.js:76:9)
    at NotFoundBoundary (webpack-internal:///(app-pages-browser)/./node_modules/next/dist/client/components/not-found-boundary.js:84:11)
    at LoadingBoundary (webpack-internal:///(app-pages-browser)/./node_modules/next/dist/client/components/layout-router.js:349:11)
    at ErrorBoundary (webpack-internal:///(app-pages-browser)/./node_modules/next/dist/client/components/error-boundary.js:160:11)
    at InnerScrollAndFocusHandler (webpack-internal:///(app-pages-browser)/./node_modules/next/dist/client/components/layout-router.js:153:9)
    at ScrollAndFocusHandler (webpack-internal:///(app-pages-browser)/./node_modules/next/dist/client/components/layout-router.js:228:11)
    at RenderFromTemplateContext (webpack-internal:///(app-pages-browser)/./node_modules/next/dist/client/components/render-from-template-context.js:16:44)
    at OuterLayoutRouter (webpack-internal:///(app-pages-browser)/./node_modules/next/dist/client/components/layout-router.js:370:11)
    at QueryClientProvider (webpack-internal:///(app-pages-browser)/./node_modules/@tanstack/react-query/build/modern/QueryClientProvider.js:27:11)
    at Providers (webpack-internal:///(app-pages-browser)/./src/app/providers.tsx:12:11)
    at body
    at html
    at RootLayout (Server)
    at RedirectErrorBoundary (webpack-internal:///(app-pages-browser)/./node_modules/next/dist/client/components/redirect-boundary.js:74:9)
    at RedirectBoundary (webpack-internal:///(app-pages-browser)/./node_modules/next/dist/client/components/redirect-boundary.js:82:11)
    at NotFoundErrorBoundary (webpack-internal:///(app-pages-browser)/./node_modules/next/dist/client/components/not-found-boundary.js:76:9)
    at NotFoundBoundary (webpack-internal:///(app-pages-browser)/./node_modules/next/dist/client/components/not-found-boundary.js:84:11)
    at DevRootNotFoundBoundary (webpack-internal:///(app-pages-browser)/./node_modules/next/dist/client/components/dev-root-not-found-boundary.js:33:11)
    at ReactDevOverlay (webpack-internal:///(app-pages-browser)/./node_modules/next/dist/client/components/react-dev-overlay/app/ReactDevOverlay.js:87:9)
    at HotReload (webpack-internal:///(app-pages-browser)/./node_modules/next/dist/client/components/react-dev-overlay/app/hot-reloader-client.js:321:11)
    at Router (webpack-internal:///(app-pages-browser)/./node_modules/next/dist/client/components/app-router.js:207:11)
    at ErrorBoundaryHandler (webpack-internal:///(app-pages-browser)/./node_modules/next/dist/client/components/error-boundary.js:113:9)
    at ErrorBoundary (webpack-internal:///(app-pages-browser)/./node_modules/next/dist/client/components/error-boundary.js:160:11)
    at AppRouter (webpack-internal:///(app-pages-browser)/./node_modules/next/dist/client/components/app-router.js:585:13)
    at ServerRoot (webpack-internal:///(app-pages-browser)/./node_modules/next/dist/client/app-index.js:112:27)
    at Root (webpack-internal:///(app-pages-browser)/./node_modules/next/dist/client/app-index.js:117:11)

React will try to recreate this component tree from scratch using the error boundary you provided, ReactDevOverlay. @ webpack-internal:///(app-pages-browser)/./node_modules/next/dist/client/app-index.js:32
[   71870ms] [LOG] [Fast Refresh] rebuilding @ webpack-internal:///(app-pages-browser)/./node_modules/next/dist/client/components/react-dev-overlay/app/hot-reloader-client.js:186
[   72023ms] [ERROR] ./node_modules/@react-three/drei/index.js
Error: Failed to read source code from /Users/I765601/Desktop/not_yet_decided/frontend/node_modules/@react-three/drei/index.js

Caused by:
    No such file or directory (os error 2)

Import trace for requested module:
./node_modules/@react-three/drei/index.js
./src/components/hero/OrbitingIcon.tsx
./src/components/hero/HeroScene.tsx
./src/app/page.tsx @ webpack-internal:///(app-pages-browser)/./node_modules/next/dist/client/app-index.js:32
[   72023ms] [ERROR] ./node_modules/@react-three/fiber/dist/react-three-fiber.esm.js
Error: Failed to read source code from /Users/I765601/Desktop/not_yet_decided/frontend/node_modules/@react-three/fiber/dist/react-three-fiber.esm.js

Caused by:
    No such file or directory (os error 2)

Import trace for requested module:
./node_modules/@react-three/fiber/dist/react-three-fiber.esm.js
./src/components/hero/HeroScene.tsx
./src/app/page.tsx @ webpack-internal:///(app-pages-browser)/./node_modules/next/dist/client/app-index.js:32
[   72023ms] [ERROR] ./node_modules/three/build/three.module.js
Error: Failed to read source code from /Users/I765601/Desktop/not_yet_decided/frontend/node_modules/three/build/three.module.js

Caused by:
    No such file or directory (os error 2)

Import trace for requested module:
./node_modules/three/build/three.module.js
./src/components/hero/DataFlowLine.tsx
./src/components/hero/HeroScene.tsx
./src/app/page.tsx @ webpack-internal:///(app-pages-browser)/./node_modules/next/dist/client/app-index.js:32
[   78399ms] [ERROR] ./node_modules/@react-three/drei/index.js
Error: Failed to read source code from /Users/I765601/Desktop/not_yet_decided/frontend/node_modules/@react-three/drei/index.js

Caused by:
    No such file or directory (os error 2)

Import trace for requested module:
./node_modules/@react-three/drei/index.js
./src/components/hero/OrbitingIcon.tsx
./src/components/hero/HeroScene.tsx
./src/app/page.tsx @ webpack-internal:///(app-pages-browser)/./node_modules/next/dist/client/app-index.js:32
[   78400ms] [ERROR] ./node_modules/@react-three/fiber/dist/react-three-fiber.esm.js
Error: Failed to read source code from /Users/I765601/Desktop/not_yet_decided/frontend/node_modules/@react-three/fiber/dist/react-three-fiber.esm.js

Caused by:
    No such file or directory (os error 2)

Import trace for requested module:
./node_modules/@react-three/fiber/dist/react-three-fiber.esm.js
./src/components/hero/HeroScene.tsx
./src/app/page.tsx @ webpack-internal:///(app-pages-browser)/./node_modules/next/dist/client/app-index.js:32
[   78400ms] [ERROR] ./node_modules/three/build/three.module.js
Error: Failed to read source code from /Users/I765601/Desktop/not_yet_decided/frontend/node_modules/three/build/three.module.js

Caused by:
    No such file or directory (os error 2)

Import trace for requested module:
./node_modules/three/build/three.module.js
./src/components/hero/DataFlowLine.tsx
./src/components/hero/HeroScene.tsx
./src/app/page.tsx @ webpack-internal:///(app-pages-browser)/./node_modules/next/dist/client/app-index.js:32
[   78400ms] [LOG] [Fast Refresh] rebuilding @ webpack-internal:///(app-pages-browser)/./node_modules/next/dist/client/components/react-dev-overlay/app/hot-reloader-client.js:186
[   80161ms] [WARNING] [Fast Refresh] performing full reload because your application had an unrecoverable error @ webpack-internal:///(app-pages-browser)/./node_modules/next/dist/client/components/react-dev-overlay/app/hot-reloader-client.js:114
[   80689ms] [INFO] %cDownload the React DevTools for a better development experience: https://reactjs.org/link/react-devtools font-weight:bold @ webpack-internal:///(app-pages-browser)/./node_modules/next/dist/compiled/react-dom/cjs/react-dom.development.js:38559
